<?xml version="1.0" encoding="UTF-8"?>
<!-- Generated by org.testng.reporters.JUnitXMLReporter -->
<testsuite ignored="1" hostname="DISHU" failures="0" tests="4" name="Default test" time="77.692" errors="0" timestamp="2022-07-25T22:03:59 PYT">
  <testcase classname="testcases.TasksPageTest" name="validatenewTasksTest" time="1.693"/>
  <testcase classname="testcases.TasksPageTest" name="validatenewTasksTest" time="1.592"/>
  <testcase classname="testcases.TasksPageTest" name="validatenewTasksTest" time="1.561"/>
  <testcase classname="testcases.TasksPageTest" name="validatenewTasksTest" time="1.642"/>
  <testcase classname="testcases.TasksPageTest" name="tasksLabelTest" time="0.0">
    <ignored/>
  </testcase> <!-- tasksLabelTest -->
</testsuite> <!-- Default test -->
