<?xml version="1.0" encoding="UTF-8"?>
<!-- Generated by org.testng.reporters.JUnitXMLReporter -->
<testsuite ignored="0" hostname="DISHU" failures="0" tests="26" name="Test" time="450.212" errors="0" timestamp="2022-07-26T14:30:07 PYT">
  <testcase classname="testcases.LoginPageTest" name="loginPageTitleTest" time="0.009"/>
  <testcase classname="testcases.LoginPageTest" name="logo" time="0.058"/>
  <testcase classname="testcases.LoginPageTest" name="login" time="12.528"/>
  <testcase classname="testcases.HomePageTest" name="homePageTitleTest" time="0.003"/>
  <testcase classname="testcases.HomePageTest" name="headerTextTest" time="0.059"/>
  <testcase classname="testcases.HomePageTest" name="contactsTest" time="0.499"/>
  <testcase classname="testcases.HomePageTest" name="dealsTest" time="0.496"/>
  <testcase classname="testcases.HomePageTest" name="tasksTest" time="0.469"/>
  <testcase classname="testcases.ContactsPageTest" name="verifyContactsLabelTest" time="0.037"/>
  <testcase classname="testcases.ContactsPageTest" name="selectSingleContactTest" time="0.225"/>
  <testcase classname="testcases.ContactsPageTest" name="selectMultipleContactsTest" time="0.443"/>
  <testcase classname="testcases.ContactsPageTest" name="validateCreatNewContactTest" time="2.042"/>
  <testcase classname="testcases.ContactsPageTest" name="validateCreatNewContactTest" time="1.64"/>
  <testcase classname="testcases.ContactsPageTest" name="validateCreatNewContactTest" time="1.742"/>
  <testcase classname="testcases.ContactsPageTest" name="validateCreatNewContactTest" time="1.683"/>
  <testcase classname="testcases.DealsPageTest" name="dealsLabelTest" time="0.028"/>
  <testcase classname="testcases.DealsPageTest" name="validateNewDealsTest" time="1.913"/>
  <testcase classname="testcases.DealsPageTest" name="validateNewDealsTest" time="1.594"/>
  <testcase classname="testcases.DealsPageTest" name="validateNewDealsTest" time="2.007"/>
  <testcase classname="testcases.DealsPageTest" name="validateNewDealsTest" time="1.702"/>
  <testcase classname="testcases.DealsPageTest" name="validateNewDealsTest" time="1.582"/>
  <testcase classname="testcases.TasksPageTest" name="tasksLabelTest" time="0.021"/>
  <testcase classname="testcases.TasksPageTest" name="validatenewTasksTest" time="1.712"/>
  <testcase classname="testcases.TasksPageTest" name="validatenewTasksTest" time="1.589"/>
  <testcase classname="testcases.TasksPageTest" name="validatenewTasksTest" time="1.537"/>
  <testcase classname="testcases.TasksPageTest" name="validatenewTasksTest" time="1.576"/>
</testsuite> <!-- Test -->
