<?xml version="1.0" encoding="UTF-8"?>
<!-- Generated by org.testng.reporters.JUnitXMLReporter -->
<testsuite ignored="0" hostname="DISHU" failures="0" tests="26" name="Command line test" time="420.767" errors="0" timestamp="26 Jul. 2022 21:20:17 GMT">
  <testcase classname="testcases.ContactsPageTest" name="verifyContactsLabelTest" time="0.076"/>
  <testcase classname="testcases.DealsPageTest" name="dealsLabelTest" time="0.047"/>
  <testcase classname="testcases.HomePageTest" name="homePageTitleTest" time="0.002"/>
  <testcase classname="testcases.LoginPageTest" name="loginPageTitleTest" time="0.003"/>
  <testcase classname="testcases.TasksPageTest" name="tasksLabelTest" time="0.025"/>
  <testcase classname="testcases.ContactsPageTest" name="selectSingleContactTest" time="0.219"/>
  <testcase classname="testcases.DealsPageTest" name="validateNewDealsTest" time="1.835"/>
  <testcase classname="testcases.DealsPageTest" name="validateNewDealsTest" time="1.528"/>
  <testcase classname="testcases.DealsPageTest" name="validateNewDealsTest" time="1.934"/>
  <testcase classname="testcases.DealsPageTest" name="validateNewDealsTest" time="1.559"/>
  <testcase classname="testcases.DealsPageTest" name="validateNewDealsTest" time="1.503"/>
  <testcase classname="testcases.HomePageTest" name="headerTextTest" time="0.034"/>
  <testcase classname="testcases.LoginPageTest" name="logo" time="0.043"/>
  <testcase classname="testcases.TasksPageTest" name="validatenewTasksTest" time="1.483"/>
  <testcase classname="testcases.TasksPageTest" name="validatenewTasksTest" time="1.451"/>
  <testcase classname="testcases.TasksPageTest" name="validatenewTasksTest" time="1.491"/>
  <testcase classname="testcases.TasksPageTest" name="validatenewTasksTest" time="1.545"/>
  <testcase classname="testcases.ContactsPageTest" name="selectMultipleContactsTest" time="0.444"/>
  <testcase classname="testcases.HomePageTest" name="contactsTest" time="0.473"/>
  <testcase classname="testcases.LoginPageTest" name="login" time="12.4"/>
  <testcase classname="testcases.ContactsPageTest" name="validateCreatNewContactTest" time="1.833"/>
  <testcase classname="testcases.ContactsPageTest" name="validateCreatNewContactTest" time="1.58"/>
  <testcase classname="testcases.ContactsPageTest" name="validateCreatNewContactTest" time="1.569"/>
  <testcase classname="testcases.ContactsPageTest" name="validateCreatNewContactTest" time="1.733"/>
  <testcase classname="testcases.HomePageTest" name="dealsTest" time="0.447"/>
  <testcase classname="testcases.HomePageTest" name="tasksTest" time="0.461"/>
</testsuite> <!-- Command line test -->
